<?xml version="1.0" encoding="UTF-8"?>
<!-- Generated by org.testng.reporters.JUnitReportReporter -->
<testsuite hostname="LK-KAM" failures="0" tests="1" name="SeleniumBasics.SearchGoogle" time="1.110" errors="0" timestamp="09 Jun 2018 18:04:56 GMT" skipped="0">
  <testcase classname="SeleniumBasics.SearchGoogle" name="verifyPDF" time="1.110"/>
</testsuite> <!-- SeleniumBasics.SearchGoogle -->
