<?xml version="1.0" encoding="UTF-8"?>
<!-- Generated by org.testng.reporters.JUnitReportReporter -->
<testsuite hostname="LK-KAM" failures="0" tests="1" name="CalculatorPkg.CalculatorClass" time="1.879" errors="0" timestamp="03 Jun 2018 02:52:28 GMT" skipped="0">
  <testcase classname="CalculatorPkg.CalculatorClass" name="testCalc" time="1.879"/>
</testsuite> <!-- CalculatorPkg.CalculatorClass -->
