<?xml version="1.0" encoding="UTF-8"?>
<!-- Generated by org.testng.reporters.JUnitReportReporter -->
<testsuite hostname="LK-KAM" failures="0" tests="1" name="SearchGoogle" time="3.543" errors="0" timestamp="08 Jun 2018 00:03:51 GMT" skipped="0">
  <testcase classname="SearchGoogle" name="testSearch" time="3.543"/>
</testsuite> <!-- SearchGoogle -->
