<?xml version="1.0" encoding="UTF-8"?>
<!-- Generated by org.testng.reporters.JUnitReportReporter -->
<testsuite skipped="0" hostname="LK-KAM" name="RestPkg.PutRequestRestAssured" tests="1" failures="0" timestamp="31 May 2018 16:33:20 GMT" time="2.608" errors="0">
  <testcase name="PostDetails" time="2.608" classname="RestPkg.PutRequestRestAssured"/>
</testsuite> <!-- RestPkg.PutRequestRestAssured -->
