<?xml version="1.0" encoding="UTF-8"?>
<!-- Generated by org.testng.reporters.JUnitReportReporter -->
<testsuite skipped="0" hostname="LK-KAM" name="UniRESTJava.UNIRestClass" tests="1" failures="0" timestamp="31 May 2018 06:44:31 GMT" time="1.542" errors="0">
  <testcase name="shouldReturnStatusOkay" time="1.542" classname="UniRESTJava.UNIRestClass"/>
</testsuite> <!-- UniRESTJava.UNIRestClass -->
