<?xml version="1.0" encoding="UTF-8"?>
<!-- Generated by org.testng.reporters.JUnitReportReporter -->
<testsuite skipped="0" hostname="LK-KAM" name="UniRESTJava.UNIRestClass" tests="1" failures="0" timestamp="17 Jun 2018 14:22:51 GMT" time="1.331" errors="0">
  <testcase name="shouldReturnStatusOkay" time="1.331" classname="UniRESTJava.UNIRestClass"/>
</testsuite> <!-- UniRESTJava.UNIRestClass -->
