<?xml version="1.0" encoding="UTF-8"?>
<!-- Generated by org.testng.reporters.JUnitReportReporter -->
<testsuite hostname="LK-KAM" failures="0" tests="1" name="SearchGoogle" time="2.641" errors="0" timestamp="09 Jun 2018 00:31:21 GMT" skipped="0">
  <testcase classname="SearchGoogle" name="testSearch" time="2.641"/>
</testsuite> <!-- SearchGoogle -->
