<?xml version="1.0" encoding="UTF-8"?>
<!-- Generated by org.testng.reporters.JUnitReportReporter -->
<testsuite skipped="0" hostname="LK-KAM" name="TestAppium.AppiumTestClass" tests="1" failures="0" timestamp="08 May 2018 17:22:11 GMT" time="3.822" errors="0">
  <testcase name="testCal" time="3.822" classname="TestAppium.AppiumTestClass"/>
</testsuite> <!-- TestAppium.AppiumTestClass -->
