<?xml version="1.0" encoding="UTF-8"?>
<!-- Generated by org.testng.reporters.JUnitReportReporter -->
<testsuite skipped="0" hostname="LK-KAM" name="UniRESTJava.UNIRestClass" tests="1" failures="0" timestamp="31 May 2018 12:16:53 GMT" time="1.149" errors="0">
  <testcase name="shouldReturnStatusOkay" time="1.149" classname="UniRESTJava.UNIRestClass"/>
</testsuite> <!-- UniRESTJava.UNIRestClass -->
