<?xml version="1.0" encoding="UTF-8"?>
<!-- Generated by org.testng.reporters.JUnitReportReporter -->
<testsuite hostname="LK-KAM" failures="0" tests="1" name="SearchGoogle" time="2.463" errors="0" timestamp="06 Jun 2018 17:27:26 GMT" skipped="0">
  <testcase classname="SearchGoogle" name="testSearch" time="2.463"/>
</testsuite> <!-- SearchGoogle -->
