<?xml version="1.0" encoding="UTF-8"?>
<!-- Generated by org.testng.reporters.JUnitReportReporter -->
<testsuite hostname="LK-KAM" failures="0" tests="1" name="SeleniumBasics.SearchGoogle" time="1.834" errors="0" timestamp="06 Jun 2018 15:33:45 GMT" skipped="0">
  <testcase classname="SeleniumBasics.SearchGoogle" name="testSearch" time="1.834"/>
</testsuite> <!-- SeleniumBasics.SearchGoogle -->
