<?xml version="1.0" encoding="UTF-8"?>
<!-- Generated by org.testng.reporters.JUnitReportReporter -->
<testsuite skipped="0" hostname="LK-KAM" name="Selenide.SelenideTest" tests="1" failures="0" timestamp="14 May 2018 00:55:17 GMT" time="10.893" errors="0">
  <testcase name="searchGoogle" time="10.893" classname="Selenide.SelenideTest"/>
</testsuite> <!-- Selenide.SelenideTest -->
